INFO:     Started server process [31272]
INFO:     Waiting for application startup.
Unable to retrieve routing information
ERROR:      | ExceptionGroup: All routing table requests failed (1 sub-exception)
  +-+---------------- 1 ----------------
    | Traceback (most recent call last):
    |   File "C:\Users\adity\AppData\Local\Packages\PythonSoftwareFoundation.Python.3.12_qbz5n2kfra8p0\LocalCache\local-packages\Python312\site-packages\neo4j\_async_compat\network\_bolt_socket.py", line 349, in close_socket
    |     await socket_.close()
    |   File "C:\Users\adity\AppData\Local\Packages\PythonSoftwareFoundation.Python.3.12_qbz5n2kfra8p0\LocalCache\local-packages\Python312\site-packages\neo4j\_async_compat\network\_bolt_socket.py", line 201, in close
    |     await self._writer.wait_closed()
    |   File "C:\Program Files\WindowsApps\PythonSoftwareFoundation.Python.3.12_3.12.2800.0_x64__qbz5n2kfra8p0\Lib\asyncio\streams.py", line 364, in wait_closed
    |     await self._protocol._get_close_waiter(self)
    |   File "C:\Program Files\WindowsApps\PythonSoftwareFoundation.Python.3.12_3.12.2800.0_x64__qbz5n2kfra8p0\Lib\asyncio\proactor_events.py", line 286, in _loop_reading
    |     length = fut.result()
    |              ^^^^^^^^^^^^
    |   File "C:\Program Files\WindowsApps\PythonSoftwareFoundation.Python.3.12_3.12.2800.0_x64__qbz5n2kfra8p0\Lib\asyncio\windows_events.py", line 803, in _poll
    |     value = callback(transferred, key, ov)
    |             ^^^^^^^^^^^^^^^^^^^^^^^^^^^^^^
    |   File "C:\Program Files\WindowsApps\PythonSoftwareFoundation.Python.3.12_3.12.2800.0_x64__qbz5n2kfra8p0\Lib\asyncio\windows_events.py", line 466, in finish_socket_func
    |     raise ConnectionResetError(*exc.args)
    | ConnectionResetError: [WinError 64] The specified network name is no longer available
    | 
    | The above exception was the direct cause of the following exception:
    | 
    | Traceback (most recent call last):
    |   File "C:\Users\adity\AppData\Local\Packages\PythonSoftwareFoundation.Python.3.12_qbz5n2kfra8p0\LocalCache\local-packages\Python312\site-packages\neo4j\_async\io\_bolt_socket.py", line 336, in connect
    |     agreed_version = await s._handshake(resolved_address, deadline)
    |                      ^^^^^^^^^^^^^^^^^^^^^^^^^^^^^^^^^^^^^^^^^^^^^^
    |   File "C:\Users\adity\AppData\Local\Packages\PythonSoftwareFoundation.Python.3.12_qbz5n2kfra8p0\LocalCache\local-packages\Python312\site-packages\neo4j\_async\io\_bolt_socket.py", line 263, in _handshake
    |     response = await self._handshake_read(ctx, 4)
    |                ^^^^^^^^^^^^^^^^^^^^^^^^^^^^^^^^^^
    |   File "C:\Users\adity\AppData\Local\Packages\PythonSoftwareFoundation.Python.3.12_qbz5n2kfra8p0\LocalCache\local-packages\Python312\site-packages\neo4j\_async\io\_bolt_socket.py", line 169, in _handshake_read
    |     raise ServiceUnavailable(
    | neo4j.exceptions.ServiceUnavailable: Failed to read four byte Bolt handshake response from server ResolvedIPv4Address(('34.126.161.242', 7687)) (deadline Deadline(timeout=60.0))
    | 
    | The above exception was the direct cause of the following exception:
    | 
    | Traceback (most recent call last):
    |   File "C:\Users\adity\AppData\Local\Packages\PythonSoftwareFoundation.Python.3.12_qbz5n2kfra8p0\LocalCache\local-packages\Python312\site-packages\neo4j\_async\io\_pool.py", line 836, in fetch_routing_table
    |     new_routing_info = await self.fetch_routing_info(
    |                        ^^^^^^^^^^^^^^^^^^^^^^^^^^^^^^
    |   File "C:\Users\adity\AppData\Local\Packages\PythonSoftwareFoundation.Python.3.12_qbz5n2kfra8p0\LocalCache\local-packages\Python312\site-packages\neo4j\_async\io\_pool.py", line 795, in fetch_routing_info
    |     cx = await self._acquire(address, auth, deadline, None)
    |          ^^^^^^^^^^^^^^^^^^^^^^^^^^^^^^^^^^^^^^^^^^^^^^^^^^
    |   File "C:\Users\adity\AppData\Local\Packages\PythonSoftwareFoundation.Python.3.12_qbz5n2kfra8p0\LocalCache\local-packages\Python312\site-packages\neo4j\_async\io\_pool.py", line 421, in _acquire
    |     return await connection_creator()
    |            ^^^^^^^^^^^^^^^^^^^^^^^^^^
    |   File "C:\Users\adity\AppData\Local\Packages\PythonSoftwareFoundation.Python.3.12_qbz5n2kfra8p0\LocalCache\local-packages\Python312\site-packages\neo4j\_async\io\_pool.py", line 234, in connection_creator
    |     connection = await self.opener(
    |                  ^^^^^^^^^^^^^^^^^^
    |   File "C:\Users\adity\AppData\Local\Packages\PythonSoftwareFoundation.Python.3.12_qbz5n2kfra8p0\LocalCache\local-packages\Python312\site-packages\neo4j\_async\io\_pool.py", line 714, in opener
    |     return await AsyncBolt.open(
    |            ^^^^^^^^^^^^^^^^^^^^^
    |   File "C:\Users\adity\AppData\Local\Packages\PythonSoftwareFoundation.Python.3.12_qbz5n2kfra8p0\LocalCache\local-packages\Python312\site-packages\neo4j\_async\io\_bolt.py", line 368, in open
    |     s, protocol_version = await AsyncBoltSocket.connect(
    |                           ^^^^^^^^^^^^^^^^^^^^^^^^^^^^^^
    |   File "C:\Users\adity\AppData\Local\Packages\PythonSoftwareFoundation.Python.3.12_qbz5n2kfra8p0\LocalCache\local-packages\Python312\site-packages\neo4j\_async\io\_bolt_socket.py", line 380, in connect
    |     raise ServiceUnavailable(
    | neo4j.exceptions.ServiceUnavailable: Couldn't connect to 34.126.161.242:7687 (resolved to ('34.126.161.242:7687',)):
    | Failed to read four byte Bolt handshake response from server ResolvedIPv4Address(('34.126.161.242', 7687)) (deadline Deadline(timeout=60.0))
    +------------------------------------

The above exception was the direct cause of the following exception:

Traceback (most recent call last):
  File "C:\Users\adity\AppData\Local\Packages\PythonSoftwareFoundation.Python.3.12_qbz5n2kfra8p0\LocalCache\local-packages\Python312\site-packages\starlette\routing.py", line 638, in lifespan
    async with self.lifespan_context(app) as maybe_state:
               ^^^^^^^^^^^^^^^^^^^^^^^^^^
  File "C:\Program Files\WindowsApps\PythonSoftwareFoundation.Python.3.12_3.12.2800.0_x64__qbz5n2kfra8p0\Lib\contextlib.py", line 210, in __aenter__
    return await anext(self.gen)
           ^^^^^^^^^^^^^^^^^^^^^
  File "C:\Users\adity\AppData\Local\Packages\PythonSoftwareFoundation.Python.3.12_qbz5n2kfra8p0\LocalCache\local-packages\Python312\site-packages\fastapi\routing.py", line 216, in merged_lifespan
    async with original_context(app) as maybe_original_state:
               ^^^^^^^^^^^^^^^^^^^^^
  File "C:\Program Files\WindowsApps\PythonSoftwareFoundation.Python.3.12_3.12.2800.0_x64__qbz5n2kfra8p0\Lib\contextlib.py", line 210, in __aenter__
    return await anext(self.gen)
           ^^^^^^^^^^^^^^^^^^^^^
  File "C:\Users\adity\AppData\Local\Packages\PythonSoftwareFoundation.Python.3.12_qbz5n2kfra8p0\LocalCache\local-packages\Python312\site-packages\fastapi\routing.py", line 216, in merged_lifespan
    async with original_context(app) as maybe_original_state:
               ^^^^^^^^^^^^^^^^^^^^^
  File "C:\Program Files\WindowsApps\PythonSoftwareFoundation.Python.3.12_3.12.2800.0_x64__qbz5n2kfra8p0\Lib\contextlib.py", line 210, in __aenter__
    return await anext(self.gen)
           ^^^^^^^^^^^^^^^^^^^^^
  File "C:\Users\adity\AppData\Local\Packages\PythonSoftwareFoundation.Python.3.12_qbz5n2kfra8p0\LocalCache\local-packages\Python312\site-packages\fastapi\routing.py", line 216, in merged_lifespan
    async with original_context(app) as maybe_original_state:
               ^^^^^^^^^^^^^^^^^^^^^
  File "C:\Program Files\WindowsApps\PythonSoftwareFoundation.Python.3.12_3.12.2800.0_x64__qbz5n2kfra8p0\Lib\contextlib.py", line 210, in __aenter__
    return await anext(self.gen)
           ^^^^^^^^^^^^^^^^^^^^^
  File "C:\Users\adity\AppData\Local\Packages\PythonSoftwareFoundation.Python.3.12_qbz5n2kfra8p0\LocalCache\local-packages\Python312\site-packages\fastapi\routing.py", line 216, in merged_lifespan
    async with original_context(app) as maybe_original_state:
               ^^^^^^^^^^^^^^^^^^^^^
  File "C:\Program Files\WindowsApps\PythonSoftwareFoundation.Python.3.12_3.12.2800.0_x64__qbz5n2kfra8p0\Lib\contextlib.py", line 210, in __aenter__
    return await anext(self.gen)
           ^^^^^^^^^^^^^^^^^^^^^
  File "C:\Users\adity\AppData\Local\Packages\PythonSoftwareFoundation.Python.3.12_qbz5n2kfra8p0\LocalCache\local-packages\Python312\site-packages\fastapi\routing.py", line 216, in merged_lifespan
    async with original_context(app) as maybe_original_state:
               ^^^^^^^^^^^^^^^^^^^^^
  File "C:\Program Files\WindowsApps\PythonSoftwareFoundation.Python.3.12_3.12.2800.0_x64__qbz5n2kfra8p0\Lib\contextlib.py", line 210, in __aenter__
    return await anext(self.gen)
           ^^^^^^^^^^^^^^^^^^^^^
  File "c:\Users\adity\OneDrive\\u30c9\u30ad\u30e5\u30e1\u30f3\u30c8\genai\healthcare-triage-bot\backend\main.py", line 15, in lifespan
    app.state.neo4j  = await connect_neo4j()
                       ^^^^^^^^^^^^^^^^^^^^^
  File "c:\Users\adity\OneDrive\\u30c9\u30ad\u30e5\u30e1\u30f3\u30c8\genai\healthcare-triage-bot\backend\neo4j_db.py", line 21, in connect_neo4j
    await _driver.verify_connectivity()
  File "C:\Users\adity\AppData\Local\Packages\PythonSoftwareFoundation.Python.3.12_qbz5n2kfra8p0\LocalCache\local-packages\Python312\site-packages\neo4j\_async\driver.py", line 1061, in verify_connectivity
    await self._get_server_info(session_config)
  File "C:\Users\adity\AppData\Local\Packages\PythonSoftwareFoundation.Python.3.12_qbz5n2kfra8p0\LocalCache\local-packages\Python312\site-packages\neo4j\_async\driver.py", line 1290, in _get_server_info
    return await session._get_server_info()
           ^^^^^^^^^^^^^^^^^^^^^^^^^^^^^^^^
  File "C:\Users\adity\AppData\Local\Packages\PythonSoftwareFoundation.Python.3.12_qbz5n2kfra8p0\LocalCache\local-packages\Python312\site-packages\neo4j\_async\work\session.py", line 173, in _get_server_info
    await self._connect(
  File "C:\Users\adity\AppData\Local\Packages\PythonSoftwareFoundation.Python.3.12_qbz5n2kfra8p0\LocalCache\local-packages\Python312\site-packages\neo4j\_async\work\session.py", line 126, in _connect
    await super()._connect(
  File "C:\Users\adity\AppData\Local\Packages\PythonSoftwareFoundation.Python.3.12_qbz5n2kfra8p0\LocalCache\local-packages\Python312\site-packages\neo4j\_async\work\workspace.py", line 169, in _connect
    target_db = await self._get_routing_target_database(
                ^^^^^^^^^^^^^^^^^^^^^^^^^^^^^^^^^^^^^^^^
  File "C:\Users\adity\AppData\Local\Packages\PythonSoftwareFoundation.Python.3.12_qbz5n2kfra8p0\LocalCache\local-packages\Python312\site-packages\neo4j\_async\work\workspace.py", line 247, in _get_routing_target_database
    await self._pool.update_routing_table(
  File "C:\Users\adity\AppData\Local\Packages\PythonSoftwareFoundation.Python.3.12_qbz5n2kfra8p0\LocalCache\local-packages\Python312\site-packages\neo4j\_async\io\_pool.py", line 1079, in update_routing_table
    raise ServiceUnavailable(
neo4j.exceptions.ServiceUnavailable: Unable to retrieve routing information

ERROR:    Application startup failed. Exiting.
[DB] Indexes ensured.
[DB] MongoDB connected: mongodb://localhost:27017/triage_db | DB: triage_db
